0 info it worked if it ends with ok
1 verbose cli [ 'C:\\Program Files\\nodejs\\node.exe',
1 verbose cli   'C:\\Program Files\\nodejs\\node_modules\\npm\\bin\\npm-cli.js',
1 verbose cli   'run',
1 verbose cli   'postinstall' ]
2 info using npm@4.1.2
3 info using node@v7.5.0
4 verbose run-script [ 'postinstall' ]
5 info lifecycle react-dev@1.0.0~postinstall: react-dev@1.0.0
6 verbose lifecycle react-dev@1.0.0~postinstall: unsafe-perm in lifecycle true
7 verbose lifecycle react-dev@1.0.0~postinstall: PATH: C:\Program Files\nodejs\node_modules\npm\bin\node-gyp-bin;E:\js\React\react-basics-routing\react-dev\node_modules\.bin;C:\Ruby23-x64\bin;C:\Program Files (x86)\iis express\PHP\v5.5;C:\Program Files (x86)\Common Files\Intel\Shared Files\cpp\bin\Intel64;C:\ProgramData\Oracle\Java\javapath;C:\Windows\system32;C:\Windows;C:\Windows\System32\Wbem;C:\Windows\System32\WindowsPowerShell\v1.0\;C:\Program Files\Intel\WiFi\bin\;C:\Program Files\Common Files\Intel\WirelessCommon\;C:\Program Files\Lenovo\Bluetooth Software\;C:\Program Files\Lenovo\Bluetooth Software\syswow64;C:\Program Files (x86)\Intel\OpenCL SDK\2.0\bin\x86;C:\Program Files (x86)\Intel\OpenCL SDK\2.0\bin\x64;C:\Program Files (x86)\NVIDIA Corporation\PhysX\Common;E:\MATLAB\R2014a\runtime\win64;E:\MATLAB\R2014a\bin;C:\Program Files\MATLAB\R2013b\runtime\win64;C:\Program Files\MATLAB\R2013b\bin;C:\Program Files\Microsoft\Web Platform Installer\;C:\Program Files\Intel\WiFi\bin\;C:\Program Files\Common Files\Intel\WirelessCommon\;C:\MinGW\bin;D:\Git\cmd;C:\Program Files\Git\cmd;C:\Program Files\Git\mingw64\bin;C:\Program Files\Git\usr\bin;C:\Program Files (x86)\Brackets\command;E:\websocketd-0.2.11-windows_amd64\websocketd.exe;E:\ws;E:\jade\packege.json;C:\Program Files\nodejs\;C:\Program Files (x86)\Skype\Phone\;E:\MATLAB\R2014a\polyspace\bin;C:\Program Files\Intel\WiFi\bin\;C:\Program Files\Common Files\Intel\WirelessCommon\;C:\MinGW\bin;E:\websocketd-0.2.11-windows_amd64\websocketd.exe;C:\Users\Марат\AppData\Roaming\npm;C:\Program Files (x86)\Microsoft VS Code\bin
8 verbose lifecycle react-dev@1.0.0~postinstall: CWD: E:\js\React\react-basics-routing\react-dev
9 silly lifecycle react-dev@1.0.0~postinstall: Args: [ '/d /s /c', 'webpack -p' ]
10 silly lifecycle react-dev@1.0.0~postinstall: Returned: code: 1  signal: null
11 info lifecycle react-dev@1.0.0~postinstall: Failed to exec postinstall script
12 verbose stack Error: react-dev@1.0.0 postinstall: `webpack -p`
12 verbose stack Exit status 1
12 verbose stack     at EventEmitter.<anonymous> (C:\Program Files\nodejs\node_modules\npm\lib\utils\lifecycle.js:279:16)
12 verbose stack     at emitTwo (events.js:106:13)
12 verbose stack     at EventEmitter.emit (events.js:192:7)
12 verbose stack     at ChildProcess.<anonymous> (C:\Program Files\nodejs\node_modules\npm\lib\utils\spawn.js:40:14)
12 verbose stack     at emitTwo (events.js:106:13)
12 verbose stack     at ChildProcess.emit (events.js:192:7)
12 verbose stack     at maybeClose (internal/child_process.js:890:16)
12 verbose stack     at Process.ChildProcess._handle.onexit (internal/child_process.js:226:5)
13 verbose pkgid react-dev@1.0.0
14 verbose cwd E:\js\React\react-basics-routing\react-dev
15 error Windows_NT 6.1.7601
16 error argv "C:\\Program Files\\nodejs\\node.exe" "C:\\Program Files\\nodejs\\node_modules\\npm\\bin\\npm-cli.js" "run" "postinstall"
17 error node v7.5.0
18 error npm  v4.1.2
19 error code ELIFECYCLE
20 error react-dev@1.0.0 postinstall: `webpack -p`
20 error Exit status 1
21 error Failed at the react-dev@1.0.0 postinstall script 'webpack -p'.
21 error Make sure you have the latest version of node.js and npm installed.
21 error If you do, this is most likely a problem with the react-dev package,
21 error not with npm itself.
21 error Tell the author that this fails on your system:
21 error     webpack -p
21 error You can get information on how to open an issue for this project with:
21 error     npm bugs react-dev
21 error Or if that isn't available, you can get their info via:
21 error     npm owner ls react-dev
21 error There is likely additional logging output above.
22 verbose exit [ 1, true ]
